16:00:11: Creating resource group General
16:00:11: Creating resource group Internal
16:00:11: Creating resource group Autodetect
16:00:11: SceneManagerFactory for type 'DefaultSceneManager' registered.
16:00:11: Registering ResourceManager for type Material
16:00:11: Registering ResourceManager for type Mesh
16:00:11: Registering ResourceManager for type Skeleton
16:00:11: MovableObjectFactory for type 'ParticleSystem' registered.
16:00:11: OverlayElementFactory for type Panel registered.
16:00:11: OverlayElementFactory for type BorderPanel registered.
16:00:11: OverlayElementFactory for type TextArea registered.
16:00:11: Registering ResourceManager for type Font
16:00:11: ArchiveFactory for archive type FileSystem registered.
16:00:11: ArchiveFactory for archive type Zip registered.
16:00:11: DDS codec registering
16:00:11: FreeImage version: 3.13.1
16:00:11: This program uses FreeImage, a free, open source image library supporting all common bitmap formats. See http://freeimage.sourceforge.net for details
16:00:11: Supported formats: bmp,ico,jpg,jif,jpeg,jpe,jng,koa,iff,lbm,mng,pbm,pbm,pcd,pcx,pgm,pgm,png,ppm,ppm,ras,tga,targa,tif,tiff,wap,wbmp,wbm,psd,cut,xbm,xpm,gif,hdr,g3,sgi,exr,j2k,j2c,jp2,pfm,pct,pict,pic,bay,bmq,cr2,crw,cs1,dc2,dcr,dng,erf,fff,hdr,k25,kdc,mdc,mos,mrw,nef,orf,pef,pxn,raf,raw,rdc,sr2,srf,arw,3fr,cine,ia,kc2,mef,nrw,qtk,rw2,sti,drf,dsc,ptx,cap,iiq,rwz
16:00:11: PVRTC codec registering
16:00:11: Registering ResourceManager for type HighLevelGpuProgram
16:00:11: Registering ResourceManager for type Compositor
16:00:11: MovableObjectFactory for type 'Entity' registered.
16:00:11: MovableObjectFactory for type 'Light' registered.
16:00:11: MovableObjectFactory for type 'BillboardSet' registered.
16:00:11: MovableObjectFactory for type 'ManualObject' registered.
16:00:11: MovableObjectFactory for type 'BillboardChain' registered.
16:00:11: MovableObjectFactory for type 'RibbonTrail' registered.
16:00:11: Loading library .\RenderSystem_Direct3D9
16:00:11: Installing plugin: D3D9 RenderSystem
16:00:11: D3D9 : Direct3D9 Rendering Subsystem created.
16:00:11: D3D9: Driver Detection Starts
16:00:11: D3D9: Driver Detection Ends
16:00:11: Plugin successfully installed
16:00:11: Loading library .\RenderSystem_GL
16:00:11: Installing plugin: GL RenderSystem
16:00:11: OpenGL Rendering Subsystem created.
16:00:12: Plugin successfully installed
16:00:12: Loading library .\Plugin_ParticleFX
16:00:12: Installing plugin: ParticleFX
16:00:12: Particle Emitter Type 'Point' registered
16:00:12: Particle Emitter Type 'Box' registered
16:00:12: Particle Emitter Type 'Ellipsoid' registered
16:00:12: Particle Emitter Type 'Cylinder' registered
16:00:12: Particle Emitter Type 'Ring' registered
16:00:12: Particle Emitter Type 'HollowEllipsoid' registered
16:00:12: Particle Affector Type 'LinearForce' registered
16:00:12: Particle Affector Type 'ColourFader' registered
16:00:12: Particle Affector Type 'ColourFader2' registered
16:00:12: Particle Affector Type 'ColourImage' registered
16:00:12: Particle Affector Type 'ColourInterpolator' registered
16:00:12: Particle Affector Type 'Scaler' registered
16:00:12: Particle Affector Type 'Rotator' registered
16:00:12: Particle Affector Type 'DirectionRandomiser' registered
16:00:12: Particle Affector Type 'DeflectorPlane' registered
16:00:13: Plugin successfully installed
16:00:13: *-*-* OGRE Initialising
16:00:13: *-*-* Version 1.7.1 (Cthugha)
16:00:13: Creating resource group Bootstrap
16:00:13: Added resource location '../media/core.pk' of type 'Zip' to resource group 'Bootstrap'
16:00:13: Added resource location '../media/skybox' of type 'FileSystem' to resource group 'General'
16:00:13: Added resource location '../media/materials' of type 'FileSystem' to resource group 'General'
16:00:13: Added resource location '../media/textures' of type 'FileSystem' to resource group 'General'
16:00:13: Added resource location '../media/textures/map' of type 'FileSystem' to resource group 'General'
16:00:13: D3D9 : RenderSystem Option: Allow NVPerfHUD = No
16:00:13: D3D9 : RenderSystem Option: FSAA = 0
16:00:13: D3D9 : RenderSystem Option: Floating-point mode = Fastest
16:00:13: D3D9 : RenderSystem Option: Full Screen = No
16:00:13: D3D9 : RenderSystem Option: Rendering Device = Monitor-1-NVIDIA GeForce 9600M GT
16:00:13: D3D9 : RenderSystem Option: Resource Creation Policy = Create on all devices
16:00:13: D3D9 : RenderSystem Option: VSync = No
16:00:13: D3D9 : RenderSystem Option: VSync Interval = 1
16:00:13: D3D9 : RenderSystem Option: Video Mode = 800 x 600 @ 32-bit colour
16:00:13: D3D9 : RenderSystem Option: sRGB Gamma Conversion = No
16:00:13: CPU Identifier & Features
16:00:13: -------------------------
16:00:13:  *   CPU ID: GenuineIntel: Intel(R) Core(TM)2 Duo CPU     P8400  @ 2.26GHz
16:00:13:  *      SSE: yes
16:00:13:  *     SSE2: yes
16:00:13:  *     SSE3: yes
16:00:13:  *      MMX: yes
16:00:13:  *   MMXEXT: yes
16:00:13:  *    3DNOW: no
16:00:13:  * 3DNOWEXT: no
16:00:13:  *     CMOV: yes
16:00:13:  *      TSC: yes
16:00:13:  *      FPU: yes
16:00:13:  *      PRO: yes
16:00:13:  *       HT: no
16:00:13: -------------------------
16:00:13: D3D9 : Subsystem Initialising
16:00:13: Registering ResourceManager for type Texture
16:00:13: Registering ResourceManager for type GpuProgram
16:00:13: D3D9RenderSystem::_createRenderWindow "OGRE Render Window", 800x600 windowed  miscParams: FSAA=0 FSAAHint= colourDepth=32 gamma=false monitorIndex=0 useNVPerfHUD=false vsync=false vsyncInterval=1 
16:00:13: D3D9 : Created D3D9 Rendering Window 'OGRE Render Window' : 800x600, 32bpp
16:00:13: D3D9 : WARNING - disabling VSync in windowed mode can cause timing issues at lower frame rates, turn VSync on if you observe this problem.
16:00:13: D3D9: Vertex texture format supported - PF_FLOAT16_RGB
16:00:13: D3D9: Vertex texture format supported - PF_FLOAT16_RGBA
16:00:13: D3D9: Vertex texture format supported - PF_FLOAT32_RGB
16:00:13: D3D9: Vertex texture format supported - PF_FLOAT32_RGBA
16:00:13: D3D9: Vertex texture format supported - PF_FLOAT16_R
16:00:13: D3D9: Vertex texture format supported - PF_FLOAT32_R
16:00:13: D3D9: Vertex texture format supported - PF_FLOAT16_GR
16:00:13: D3D9: Vertex texture format supported - PF_FLOAT32_GR
16:00:13: RenderSystem capabilities
16:00:13: -------------------------
16:00:13: RenderSystem Name: Direct3D9 Rendering Subsystem
16:00:13: GPU Vendor: nvidia
16:00:13: Device Name: Monitor-1-NVIDIA GeForce 9600M GT
16:00:13: Driver Version: 8.17.13.142
16:00:13:  * Fixed function pipeline: yes
16:00:13:  * Hardware generation of mipmaps: yes
16:00:13:  * Texture blending: yes
16:00:13:  * Anisotropic texture filtering: yes
16:00:13:  * Dot product texture operation: yes
16:00:13:  * Cube mapping: yes
16:00:13:  * Hardware stencil buffer: yes
16:00:13:    - Stencil depth: 8
16:00:13:    - Two sided stencil support: yes
16:00:13:    - Wrap stencil values: yes
16:00:13:  * Hardware vertex / index buffers: yes
16:00:13:  * Vertex programs: yes
16:00:13:  * Number of floating-point constants for vertex programs: 256
16:00:13:  * Number of integer constants for vertex programs: 16
16:00:13:  * Number of boolean constants for vertex programs: 16
16:00:13:  * Fragment programs: yes
16:00:13:  * Number of floating-point constants for fragment programs: 224
16:00:13:  * Number of integer constants for fragment programs: 16
16:00:13:  * Number of boolean constants for fragment programs: 16
16:00:13:  * Geometry programs: no
16:00:13:  * Number of floating-point constants for geometry programs: 0
16:00:13:  * Number of integer constants for geometry programs: 0
16:00:13:  * Number of boolean constants for geometry programs: 0
16:00:13:  * Supported Shader Profiles: hlsl ps_1_1 ps_1_2 ps_1_3 ps_1_4 ps_2_0 ps_2_a ps_2_b ps_2_x ps_3_0 vs_1_1 vs_2_0 vs_2_a vs_2_x vs_3_0
16:00:13:  * Texture Compression: yes
16:00:13:    - DXT: yes
16:00:13:    - VTC: no
16:00:13:    - PVRTC: no
16:00:13:  * Scissor Rectangle: yes
16:00:13:  * Hardware Occlusion Query: yes
16:00:13:  * User clip planes: yes
16:00:13:  * VET_UBYTE4 vertex element type: yes
16:00:13:  * Infinite far plane projection: yes
16:00:13:  * Hardware render-to-texture: yes
16:00:13:  * Floating point textures: yes
16:00:13:  * Non-power-of-two textures: yes
16:00:13:  * Volume textures: yes
16:00:13:  * Multiple Render Targets: 4
16:00:13:    - With different bit depths: yes
16:00:13:  * Point Sprites: yes
16:00:13:  * Extended point parameters: yes
16:00:13:  * Max Point Size: 10
16:00:13:  * Vertex texture fetch: yes
16:00:13:  * Number of world matrices: 0
16:00:13:  * Number of texture units: 8
16:00:13:  * Stencil buffer depth: 8
16:00:13:  * Number of vertex blend matrices: 0
16:00:13:    - Max vertex textures: 4
16:00:13:    - Vertex textures shared: no
16:00:13:  * Render to Vertex Buffer : no
16:00:13:  * DirectX per stage constants: yes
16:00:13: ***************************************
16:00:13: *** D3D9 : Subsystem Initialised OK ***
16:00:13: ***************************************
16:00:13: DefaultWorkQueue('Root') initialising on thread main.
16:00:13: Particle Renderer Type 'billboard' registered
16:00:13: Parsing scripts for resource group Autodetect
16:00:13: Finished parsing scripts for resource group Autodetect
16:00:13: Parsing scripts for resource group Bootstrap
16:00:13: Parsing script OgreCore.material
16:00:13: Parsing script OgreProfiler.material
16:00:13: Parsing script Ogre.fontdef
16:00:13: Parsing script OgreDebugPanel.overlay
16:00:13: Texture: New_Ogre_Border_Center.png: Loading 1 faces(PF_A8R8G8B8,256x128x1) with  hardware generated mipmaps from Image. Internal format is PF_A8R8G8B8,256x128x1.
16:00:13: Texture: New_Ogre_Border.png: Loading 1 faces(PF_A8R8G8B8,256x256x1) with  hardware generated mipmaps from Image. Internal format is PF_A8R8G8B8,256x256x1.
16:00:13: Texture: New_Ogre_Border_Break.png: Loading 1 faces(PF_A8R8G8B8,32x32x1) with  hardware generated mipmaps from Image. Internal format is PF_A8R8G8B8,32x32x1.
16:00:13: Texture: ogretext.png: Loading 1 faces(PF_A8R8G8B8,256x128x1) with  hardware generated mipmaps from Image. Internal format is PF_A8R8G8B8,256x128x1.
16:00:13: Parsing script OgreLoadingPanel.overlay
16:00:13: Finished parsing scripts for resource group Bootstrap
16:00:13: Parsing scripts for resource group General
16:00:13: Parsing script sky.material
16:00:13: Parsing script default.material
16:00:13: Finished parsing scripts for resource group General
16:00:13: Parsing scripts for resource group Internal
16:00:13: Finished parsing scripts for resource group Internal
16:00:13: Texture: ct_fr.png: Loading 1 faces(PF_R8G8B8,512x512x1) with  hardware generated mipmaps from Image. Internal format is PF_X8R8G8B8,512x512x1.
16:00:14: Texture: ct_bk.png: Loading 1 faces(PF_R8G8B8,512x512x1) with  hardware generated mipmaps from Image. Internal format is PF_X8R8G8B8,512x512x1.
16:00:14: Texture: ct_lf.png: Loading 1 faces(PF_R8G8B8,512x512x1) with  hardware generated mipmaps from Image. Internal format is PF_X8R8G8B8,512x512x1.
16:00:14: Texture: ct_rt.png: Loading 1 faces(PF_R8G8B8,512x512x1) with  hardware generated mipmaps from Image. Internal format is PF_X8R8G8B8,512x512x1.
16:00:14: Texture: ct_up.png: Loading 1 faces(PF_R8G8B8,512x512x1) with  hardware generated mipmaps from Image. Internal format is PF_X8R8G8B8,512x512x1.
16:00:14: Texture: ct_dn.png: Loading 1 faces(PF_R8G8B8,512x512x1) with  hardware generated mipmaps from Image. Internal format is PF_X8R8G8B8,512x512x1.
16:00:14: Texture: checker.png: Loading 1 faces(PF_R8G8B8,256x256x1) with  hardware generated mipmaps from Image. Internal format is PF_X8R8G8B8,256x256x1.
16:00:14: *** Initializing OIS ***
16:00:14: Setting up keyboard listeners
16:00:14: Setting up mouse listeners
16:00:15: Font BlueHighwayusing texture size 512x512
16:00:15: Info: Freetype returned null for character 127 in font BlueHighway
16:00:15: Info: Freetype returned null for character 128 in font BlueHighway
16:00:15: Info: Freetype returned null for character 129 in font BlueHighway
16:00:15: Info: Freetype returned null for character 130 in font BlueHighway
16:00:15: Info: Freetype returned null for character 131 in font BlueHighway
16:00:15: Info: Freetype returned null for character 132 in font BlueHighway
16:00:15: Info: Freetype returned null for character 133 in font BlueHighway
16:00:15: Info: Freetype returned null for character 134 in font BlueHighway
16:00:15: Info: Freetype returned null for character 135 in font BlueHighway
16:00:15: Info: Freetype returned null for character 136 in font BlueHighway
16:00:15: Info: Freetype returned null for character 137 in font BlueHighway
16:00:15: Info: Freetype returned null for character 138 in font BlueHighway
16:00:15: Info: Freetype returned null for character 139 in font BlueHighway
16:00:15: Info: Freetype returned null for character 140 in font BlueHighway
16:00:15: Info: Freetype returned null for character 141 in font BlueHighway
16:00:15: Info: Freetype returned null for character 142 in font BlueHighway
16:00:15: Info: Freetype returned null for character 143 in font BlueHighway
16:00:15: Info: Freetype returned null for character 144 in font BlueHighway
16:00:15: Info: Freetype returned null for character 145 in font BlueHighway
16:00:15: Info: Freetype returned null for character 146 in font BlueHighway
16:00:15: Info: Freetype returned null for character 147 in font BlueHighway
16:00:15: Info: Freetype returned null for character 148 in font BlueHighway
16:00:15: Info: Freetype returned null for character 149 in font BlueHighway
16:00:15: Info: Freetype returned null for character 150 in font BlueHighway
16:00:15: Info: Freetype returned null for character 151 in font BlueHighway
16:00:15: Info: Freetype returned null for character 152 in font BlueHighway
16:00:15: Info: Freetype returned null for character 153 in font BlueHighway
16:00:15: Info: Freetype returned null for character 154 in font BlueHighway
16:00:15: Info: Freetype returned null for character 155 in font BlueHighway
16:00:15: Info: Freetype returned null for character 156 in font BlueHighway
16:00:15: Info: Freetype returned null for character 157 in font BlueHighway
16:00:15: Info: Freetype returned null for character 158 in font BlueHighway
16:00:15: Info: Freetype returned null for character 159 in font BlueHighway
16:00:15: Info: Freetype returned null for character 160 in font BlueHighway
16:00:15: Texture: BlueHighwayTexture: Loading 1 faces(PF_BYTE_LA,512x512x1) with 0 generated mipmaps from Image. Internal format is PF_BYTE_LA,512x512x1.
16:00:23: Texture: point.png: Loading 1 faces(PF_A8R8G8B8,64x64x1) with  hardware generated mipmaps from Image. Internal format is PF_A8R8G8B8,64x64x1.
16:00:25: Texture: orange.png: Loading 1 faces(PF_R8G8B8,64x64x1) with  hardware generated mipmaps from Image. Internal format is PF_X8R8G8B8,64x64x1.
16:02:20: DefaultWorkQueue('Root') shutting down on thread main.
16:02:20: *-*-* OGRE Shutdown
16:02:20: Unregistering ResourceManager for type Compositor
16:02:20: Unregistering ResourceManager for type Font
16:02:20: Unregistering ResourceManager for type Skeleton
16:02:20: Unregistering ResourceManager for type Mesh
16:02:20: Unregistering ResourceManager for type HighLevelGpuProgram
16:02:20: Uninstalling plugin: ParticleFX
16:02:20: Plugin successfully uninstalled
16:02:20: Unloading library .\Plugin_ParticleFX
16:02:20: Uninstalling plugin: GL RenderSystem
16:02:20: *** Stopping Win32GL Subsystem ***
16:02:20: Plugin successfully uninstalled
16:02:20: Unloading library .\RenderSystem_GL
16:02:20: Uninstalling plugin: D3D9 RenderSystem
16:02:20: D3D9 : Shutting down cleanly.
16:02:20: Unregistering ResourceManager for type Texture
16:02:20: Unregistering ResourceManager for type GpuProgram
16:02:20: D3D9 : Direct3D9 Rendering Subsystem destroyed.
16:02:20: Plugin successfully uninstalled
16:02:20: Unloading library .\RenderSystem_Direct3D9
16:02:20: Unregistering ResourceManager for type Material
